@ Lp0 = 1.07661902855e+34
@ F0 = 0.623925629528
@ Lp1 = 1.07661902855e+34
@ F1 = 0.623925629528
@ Lp2 = 1.95148790974e+33
@ F2 = 0.989565822498
hour	bint		epsxn	epsyn	sigs	dpp	betax0	betay0	lumitot0	reduc0	betax1	betay1	lumitot1	reduc1	betax2	betay2	lumitot2	reduc2	xitotx	xitoty	LregionPileUp
0.0	1.1e+11	3e-06	3e-06	0.1	0.00012	0.448647611421	0.448647611421	9.93054950782e+33	0.645489859435	0.4	0.4	9.93054950782e+33	0.645489859435	3.5	3.5	1.95148790974e+33	0.989565822498	xitotx	xitoty	0.0460499613592	27.1959587326	0.0
0.166666666667	109596941329.0	2.99146068209e-06	2.98615937254e-06	0.0996074862003	0.00011952898344	0.444571636929	0.444571636929	9.97361517954e+33	0.644719091953	0.4	0.4	9.97361517954e+33	0.644719091953	3.5	3.5	1.94453525901e+33	0.989600789895	xitotx	xitoty	0.0458183914883	27.313899057	1e-46
0.333333333333	109192419573.0	2.98300389781e-06	2.97238841088e-06	0.0992173979851	0.000119060877582	0.442415812091	0.442415812091	9.98592725261e+33	0.644745987522	0.4	0.4	9.98592725261e+33	0.644745987522	3.5	3.5	1.93748167974e+33	0.989635471987	xitotx	xitoty	0.0456416158595	27.3476170936	3.62046279787
0.5	108787573143.0	2.97462921944e-06	2.95868675362e-06	0.0988297209673	0.000118595665161	0.440794615244	0.440794615244	9.98937336206e+33	0.644995613793	0.4	0.4	9.98937336206e+33	0.644995613793	3.5	3.5	1.93036784393e+33	0.989669870472	xitotx	xitoty	0.0454807488452	27.357054663	6.88844859025
0.666666666667	108382730809.0	2.96633623349e-06	2.94505404217e-06	0.0984444409988	0.000118133329199	0.439313891007	0.439313891007	9.99026537186e+33	0.645302731007	0.4	0.4	9.99026537186e+33	0.645302731007	3.5	3.5	1.92320570187e+33	0.989703987007	xitotx	xitoty	0.0453246640402	27.359497535	9.84779098711
0.833333333333	107977987853.0	2.95812452824e-06	2.93148991948e-06	0.0980615439798	0.000117673852776	0.437860859724	0.437860859724	9.99042188589e+33	0.645619770363	0.4	0.4	9.99042188589e+33	0.645619770363	3.5	3.5	1.91599892496e+33	0.989737823243	xitotx	xitoty	0.0451701729706	27.3599261668	12.5387837361
1.0	107573372281.0	2.94999369006e-06	2.91799402972e-06	0.0976810158038	0.000117217218965	0.436403267967	0.436403267967	9.99036644982e+33	0.645933022176	0.4	0.4	9.99036644982e+33	0.645933022176	3.5	3.5	1.90874880407e+33	0.989771380833	xitotx	xitoty	0.0450163619252	27.3597743487	14.9959346677
1.16666666667	107168892728.0	2.94194330236e-06	2.90456601815e-06	0.0973028423422	0.000116763410811	0.434931950165	0.434931950165	9.99024965675e+33	0.646238518897	0.4	0.4	9.99024965675e+33	0.646238518897	3.5	3.5	1.90145594965e+33	0.989804661436	xitotx	xitoty	0.0448629690561	27.3594544974	17.2483375769
1.33333333333	106764552250.0	2.93397294526e-06	2.89120553108e-06	0.0969270094393	0.000116312411327	0.433444361094	0.433444361094	9.99011478318e+33	0.64653509424	0.4	0.4	9.99011478318e+33	0.64653509424	3.5	3.5	1.89412078143e+33	0.989837666722	xitotx	xitoty	0.044709919167	27.3590851305	19.3205244444
1.5	106360352298.0	2.92608219553e-06	2.87791221586e-06	0.0965535029119	0.000115864203494	0.431939854082	0.431939854082	9.9899742497e+33	0.646822386627	0.4	0.4	9.9899742497e+33	0.646822386627	3.5	3.5	1.88674366924e+33	0.989870398362	xitotx	xitoty	0.0445571904228	27.3587002633	21.2332788698
1.66666666667	105956293856.0	2.91827062649e-06	2.86468572089e-06	0.0961823085488	0.000115418770259	0.430418327854	0.430418327854	9.9898316118e+33	0.64710026527	0.4	0.4	9.9898316118e+33	0.64710026527	3.5	3.5	1.87932497351e+33	0.989902858042	xitotx	xitoty	0.0444047761856	27.3583096329	23.00431253
1.83333333333	105552377770.0	2.91053780806e-06	2.85152569562e-06	0.0958134121117	0.000114976094534	0.428879839034	0.428879839034	9.98968787976e+33	0.647368665314	0.4	0.4	9.98968787976e+33	0.647368665314	3.5	3.5	1.87186505686e+33	0.989935047449	xitotx	xitoty	0.0442526740955	27.3579160061	24.6488088346
2.0	105148604841.0	2.90288330673e-06	2.83843179054e-06	0.0954467993354	0.000114536159203	0.427324491247	0.427324491247	9.98954333357e+33	0.647627540511	0.4	0.4	9.98954333357e+33	0.647627540511	3.5	3.5	1.86436428739e+33	0.989966968281	xitotx	xitoty	0.0441008829497	27.3575201497	26.1798574735
2.16666666667	104744975856.0	2.89530668555e-06	2.82540365721e-06	0.0950824559283	0.000114098947114	0.425752403403	0.425752403403	9.98939804366e+33	0.64787684963	0.4	0.4	9.98939804366e+33	0.64787684963	3.5	3.5	1.85682303959e+33	0.989998622243	xitotx	xitoty	0.0439494018101	27.3571222564	27.6088029935
2.33333333333	104341491590.0	2.88780750416e-06	2.8124409482e-06	0.094720367573	0.000113664441088	0.424163700615	0.424163700615	9.98925202023e+33	0.648116552561	0.4	0.4	9.98925202023e+33	0.648116552561	3.5	3.5	1.84924169452e+33	0.990030011048	xitotx	xitoty	0.0437982297491	27.3567223544	28.9455261679
2.5	103938152810.0	2.88038531877e-06	2.79954331716e-06	0.0943605199271	0.000113232623913	0.422558511598	0.422558511598	9.98910525608e+33	0.648346609182	0.4	0.4	9.98910525608e+33	0.648346609182	3.5	3.5	1.8416206399e+33	0.990061136414	xitotx	xitoty	0.0436473657777	27.3563204238	30.198672682
2.66666666667	103534960278.0	2.87303968218e-06	2.78671041879e-06	0.0940028986239	0.000112803478349	0.420936967907	0.420936967907	9.98895773881e+33	0.64856697903	0.4	0.4	9.98895773881e+33	0.64856697903	3.5	3.5	1.83396026998e+33	0.990092000069	xitotx	xitoty	0.0434968088241	27.3559164307	31.3758402598
2.83333333333	103131914748.0	2.86577014377e-06	2.77394190883e-06	0.0936474892729	0.000112376987127	0.419299203701	0.419299203701	9.98880945436e+33	0.648777621192	0.4	0.4	9.98880945436e+33	0.648777621192	3.5	3.5	1.82626098555e+33	0.990122603746	xitotx	xitoty	0.0433465577292	27.3555103365	32.483732773
3.0	102729016967.0	2.85857624953e-06	2.76123744409e-06	0.0932942774608	0.000111953132953	0.417645355661	0.417645355661	9.98866038796e+33	0.648978494264	0.4	0.4	9.98866038796e+33	0.648978494264	3.5	3.5	1.81852319384e+33	0.990152949188	xitotx	xitoty	0.0431966112444	27.3551021009	33.5282879343
3.16666666667	102326267676.0	2.85145754208e-06	2.74859668245e-06	0.0929432487522	0.000111531898503	0.415975562948	0.415975562948	9.98851052444e+33	0.649169556333	0.4	0.4	9.98851052444e+33	0.649169556333	3.5	3.5	1.81074730844e+33	0.990183038143	xitotx	xitoty	0.0430469680318	27.3546916823	34.5147837077
3.33333333333	101923667609.0	2.84441356065e-06	2.73601928283e-06	0.0925943886905	0.000111113266429	0.414289967169	0.414289967169	9.9883598483e+33	0.649350764952	0.4	0.4	9.9883598483e+33	0.649350764952	3.5	3.5	1.80293374924e+33	0.990212872366	xitotx	xitoty	0.0428976266646	27.3542790383	35.4479274635
3.5	101521217491.0	2.83744384112e-06	2.72350490526e-06	0.0922476827989	0.000110697219359	0.412588712352	0.412588712352	9.98820834373e+33	0.649522077132	0.4	0.4	9.98820834373e+33	0.649522077132	3.5	3.5	1.79508294234e+33	0.99024245362	xitotx	xitoty	0.0427485856272	27.3538641255	36.3319310568
3.66666666667	101118918041.0	2.83054791605e-06	2.7110532108e-06	0.0919031165809	0.000110283739897	0.410871944912	0.410871944912	9.98805599459e+33	0.649683449318	0.4	0.4	9.98805599459e+33	0.649683449318	3.5	3.5	1.78719531996e+33	0.990271783675	xitotx	xitoty	0.0425998433157	27.3534468998	37.1705743546
3.83333333333	100716769971.0	2.82372531468e-06	2.69866386161e-06	0.091560675522	0.000109872810626	0.409139813626	0.409139813626	9.98790278441e+33	0.649834837378	0.4	0.4	9.98790278441e+33	0.649834837378	3.5	3.5	1.77927132037e+33	0.990300864307	xitotx	xitoty	0.0424513980384	27.353027316	37.9672592346
4.0	100314773985.0	2.81697556295e-06	2.68633652094e-06	0.0912203450901	0.000109464414108	0.4073924696	0.4073924696	9.98774869641e+33	0.649976196585	0.4	0.4	9.98774869641e+33	0.649976196585	3.5	3.5	1.77131138779e+33	0.990329697298	xitotx	xitoty	0.0423032480164	27.3526053282	38.7250556811
4.16666666667	99912930779.6	2.81029818353e-06	2.67407085312e-06	0.0908821107367	0.000109058532884	0.405630066237	0.405630066237	9.98759371345e+33	0.650107481597	0.4	0.4	9.98759371345e+33	0.650107481597	3.5	3.5	1.76331597229e+33	0.990358284439	xitotx	xitoty	0.0421553913839	27.3521808894	39.4467412962
4.33333333333	99511241042.9	2.80369269588e-06	2.66186652356e-06	0.0905459578983	0.000108655149478	0.403852759207	0.403852759207	9.98743781805e+33	0.650228646443	0.4	0.4	9.98743781805e+33	0.650228646443	3.5	3.5	1.75528552971e+33	0.990386627524	xitotx	xitoty	0.0420078261888	27.3517539518	40.1348352979
4.5	99109705456.1	2.79715861621e-06	2.64972319879e-06	0.090211871997	0.000108254246396	0.402060706412	0.402060706412	9.98728099235e+33	0.650339644506	0.4	0.4	9.98728099235e+33	0.650339644506	3.5	3.5	1.74722052154e+33	0.990414728358	xitotx	xitoty	0.0418605503932	27.3513244665	40.7916278814
4.66666666667	98708324692.4	2.79069545758e-06	2.63764054643e-06	0.0898798384421	0.000107855806131	0.40025406795	0.40025406795	9.98712321816e+33	0.650440428502	0.4	0.4	9.98712321816e+33	0.650440428502	3.5	3.5	1.73912141487e+33	0.990442588747	xitotx	xitoty	0.0417135618743	27.3508923836	41.4192056665
4.83333333333	98307099416.9	2.78430272989e-06	2.62561823522e-06	0.0895498426312	0.000107459811157	0.4	0.4	9.95901757349e+33	0.651261853306	0.4	0.4	9.95901757349e+33	0.651261853306	3.5	3.5	1.7309886822e+33	0.990470210508	xitotx	xitoty	0.0416108330779	27.273921824	42.0194738248
5.0	97907063107.0	2.77798001445e-06	2.61365594204e-06	0.0892218710447	0.000107066245254	0.4	0.4	9.92626846997e+33	0.652201251057	0.4	0.4	9.92626846997e+33	0.652201251057	3.5	3.5	1.72285912428e+33	0.990497595254	xitotx	xitoty	0.0415157570202	27.1842346152	42.592120394
5.16666666667	97508387310.2	2.77172690341e-06	2.60175334614e-06	0.0888959103515	0.000106675092422	0.4	0.4	9.89343905786e+33	0.65314033566	0.4	0.4	9.89343905786e+33	0.65314033566	3.5	3.5	1.71473913305e+33	0.99052474457	xitotx	xitoty	0.0414211886088	27.0943274719	43.1365251476
5.33333333333	97111074817.5	2.76554298768e-06	2.589910128e-06	0.0885719472316	0.000106286336678	0.4	0.4	9.86053204015e+33	0.654079097649	0.4	0.4	9.86053204015e+33	0.654079097649	3.5	3.5	1.70662915381e+33	0.99055166004	xitotx	xitoty	0.0413271249062	27.0042077968	43.6540840061
5.5	96715128312.1	2.75942785703e-06	2.5781259693e-06	0.0882499683773	0.000105899962053	0.4	0.4	9.82755011337e+33	0.655017527524	0.4	0.4	9.82755011337e+33	0.655017527524	3.5	3.5	1.69852962788e+33	0.990578343251	xitotx	xitoty	0.0412335629532	26.9138829745	44.1463968083
5.66666666667	96320550369.2	2.75338110005e-06	2.56640055299e-06	0.0879299604945	0.000105515952593	0.4	0.4	9.7944959671e+33	0.655955615748	0.4	0.4	9.7944959671e+33	0.655955615748	3.5	3.5	1.69044099251e+33	0.990604795788	xitotx	xitoty	0.0411404997692	26.8233603707	44.6149382811
5.83333333333	95927343456.4	2.74740230427e-06	2.55473356323e-06	0.087611910303	0.000105134292364	0.4	0.4	9.76137228337e+33	0.656893352751	0.4	0.4	9.76137228337e+33	0.656893352751	3.5	3.5	1.68236368087e+33	0.990631019239	xitotx	xitoty	0.0410479323533	26.7326473306	45.0610700691
6.0	95535509934.4	2.74149105613e-06	2.54312468543e-06	0.0872958045382	0.000104754965446	0.4	0.4	9.72818173617e+33	0.65783072893	0.4	0.4	9.72818173617e+33	0.65783072893	3.5	3.5	1.67429812194e+33	0.990657015193	xitotx	xitoty	0.040955857684	26.6417511772	45.4860514012
6.16666666667	95145052057.1	2.73564694106e-06	2.53157360623e-06	0.0869816299513	0.000104377955942	0.4	0.4	9.6949269909e+33	0.658767734647	0.4	0.4	9.6949269909e+33	0.658767734647	3.5	3.5	1.66624474046e+33	0.990682785237	xitotx	xitoty	0.0408642727202	26.5506792099	45.8910485733
6.33333333333	94755971972.0	2.7298695435e-06	2.52008001353e-06	0.0866693733112	0.000104003247973	0.4	0.4	9.66161070381e+33	0.659704360235	0.4	0.4	9.66161070381e+33	0.659704360235	3.5	3.5	1.65820395688e+33	0.990708330962	xitotx	xitoty	0.0407731744014	26.4594387032	46.2771433949
6.5	94368271720.7	2.72415844695e-06	2.50864359648e-06	0.086359021405	0.000103630825686	0.4	0.4	9.62823552154e+33	0.660640595993	0.4	0.4	9.62823552154e+33	0.660640595993	3.5	3.5	1.65017618728e+33	0.990733653956	xitotx	xitoty	0.0406825596485	26.3680369053	46.645340732
6.66666666667	93981953239.3	2.718513234e-06	2.49726404547e-06	0.0860505610389	0.000103260673247	0.4	0.4	9.59480408055e+33	0.661576432189	0.4	0.4	9.59480408055e+33	0.661576432189	3.5	3.5	1.64216184331e+33	0.990758755809	xitotx	xitoty	0.0405924253638	26.2764810363	46.9965752552
6.83333333333	93597018358.8	2.71293348639e-06	2.48594105216e-06	0.0857439790398	0.000102892774848	0.4	0.4	9.5613190066e+33	0.662511859064	0.4	0.4	9.5613190066e+33	0.662511859064	3.5	3.5	1.63416133215e+33	0.990783638111	xitotx	xitoty	0.040502768432	26.1847782872	47.3317174898
7.0	93213468805.7	2.70741878504e-06	2.47467430947e-06	0.0854392622559	0.000102527114707	0.4	0.4	9.5277829143e+33	0.663446866828	0.4	0.4	9.5277829143e+33	0.663446866828	3.5	3.5	1.62617505646e+33	0.990808302451	xitotx	xitoty	0.0404135857206	26.0929358186	47.6515792509
7.16666666667	92831306202.4	2.70196871011e-06	2.4634635116e-06	0.085136397558	0.00010216367707	0.4	0.4	9.49419840655e+33	0.664381445661	0.4	0.4	9.49419840655e+33	0.664381445661	3.5	3.5	1.61820341429e+33	0.990832750419	xitotx	xitoty	0.0403248740803	26.0009607585	47.956918534
7.33333333333	92450532067.7	2.69658284102e-06	2.452308354e-06	0.0848353718404	0.000101802446208	0.4	0.4	9.46056807407e+33	0.66531558572	0.4	0.4	9.46056807407e+33	0.66531558572	3.5	3.5	1.61024679906e+33	0.990856983602	xitotx	xitoty	0.0402366303456	25.9088602022	48.248443926
7.5	92071147817.6	2.6912607565e-06	2.44120853341e-06	0.0845361720221	0.000101443406426	0.4	0.4	9.42689449488e+33	0.66624927713	0.4	0.4	9.42689449488e+33	0.66624927713	3.5	3.5	1.60230559949e+33	0.990881003589	xitotx	xitoty	0.0401488513354	25.8166412098	48.5268185878
7.66666666667	91693154765.4	2.68600203467e-06	2.43016374784e-06	0.0842387850479	0.000101086542058	0.4	0.4	9.39318023388e+33	0.667182509995	0.4	0.4	9.39318023388e+33	0.667182509995	3.5	3.5	1.59438019956e+33	0.990904811967	xitotx	xitoty	0.0400615338536	25.7243108055	48.7926638584
7.83333333333	91316554122.7	2.68080625306e-06	2.4191736966e-06	0.0839431978897	0.000100731837468	0.4	0.4	9.35942784231e+33	0.668115274392	0.4	0.4	9.35942784231e+33	0.668115274392	3.5	3.5	1.58647097845e+33	0.990928410323	xitotx	xitoty	0.0399746746895	25.6318759762	49.046562521
8.0	90941346999.5	2.67567298862e-06	2.40823808027e-06	0.0836493975469	0.000100379277056	0.4	0.4	9.32563985729e+33	0.669047560373	0.4	0.4	9.32563985729e+33	0.669047560373	3.5	3.5	1.57857831053e+33	0.990951800243	xitotx	xitoty	0.0398882706187	25.5393436702	49.289061767
8.16666666667	90567534405.6	2.67060181786e-06	2.39735660074e-06	0.0833573710484	0.000100028845258	0.4	0.4	9.2918188014e+33	0.669979357969	0.4	0.4	9.2918188014e+33	0.669979357969	3.5	3.5	1.57070256525e+33	0.99097498331	xitotx	xitoty	0.0398023184032	25.4467207957	49.5206758913
8.33333333333	90195117250.3	2.66559231681e-06	2.38652896118e-06	0.083067105453	9.96805265436e-05	0.4	0.4	9.25796718218e+33	0.670910657187	0.4	0.4	9.25796718218e+33	0.670910657187	3.5	3.5	1.56284410718e+33	0.990997961108	xitotx	xitoty	0.0397168147924	25.3540142201	49.7418887455
8.5	89824096343.8	2.66064406112e-06	2.37575486608e-06	0.082778587851	9.93343054212e-05	0.4	0.4	9.22408749169e+33	0.671841448014	0.4	0.4	9.22408749169e+33	0.671841448014	3.5	3.5	1.55500329589e+33	0.991020735218	xitotx	xitoty	0.0396317565235	25.261230768	49.9531559751
8.66666666667	89454472397.3	2.6557566261e-06	2.36503402121e-06	0.0824918053651	9.89901664381e-05	0.4	0.4	9.19018220608e+33	0.672771720417	0.4	0.4	9.19018220608e+33	0.672771720417	3.5	3.5	1.54718048595e+33	0.99104330722	xitotx	xitoty	0.0395471403224	25.1683772207	50.1549070617
8.83333333333	89086246024.2	2.65092958673e-06	2.35436613369e-06	0.0822067451513	9.86480941816e-05	0.4	0.4	9.15625378519e+33	0.673701464342	0.4	0.4	9.15625378519e+33	0.673701464342	3.5	3.5	1.53937602691e+33	0.991065678691	xitotx	xitoty	0.0394629629037	25.0754603148	50.3475471905
9.0	88719417740.3	2.64616251779e-06	2.34375091192e-06	0.0819233944004	9.83080732805e-05	0.4	0.4	9.12230467205e+33	0.674630669719	0.4	0.4	9.12230467205e+33	0.674630669719	3.5	3.5	1.53159026322e+33	0.991087851208	xitotx	xitoty	0.039379220972	24.9824867407	50.5314589594
9.16666666667	88353987965.0	2.64145499384e-06	2.33318806564e-06	0.0816417403389	9.79700884067e-05	0.4	0.4	9.08833729254e+33	0.675559326459	0.4	0.4	9.08833729254e+33	0.675559326459	3.5	3.5	1.52382353423e+33	0.991109826345	xitotx	xitoty	0.039295911222	24.8894631421	50.7070039465
9.33333333333	87989957021.5	2.6368065893e-06	2.32267730589e-06	0.0813617702301	9.76341242762e-05	0.4	0.4	9.05435405494e+33	0.676487424456	0.4	0.4	9.05435405494e+33	0.676487424456	3.5	3.5	1.51607617414e+33	0.991131605674	xitotx	xitoty	0.0392130303395	24.7963961143	50.8745241477
9.5	87627325138.0	2.63221687849e-06	2.31221834506e-06	0.0810834713754	9.73001656504e-05	0.4	0.4	9.02035734956e+33	0.677414953591	0.4	0.4	9.02035734956e+33	0.677414953591	3.5	3.5	1.508348512e+33	0.991153190763	xitotx	xitoty	0.0391305750015	24.7032922034	51.0343432983
9.66666666667	87266092448.2	2.6276854357e-06	2.30181089686e-06	0.0808068311148	9.69681973378e-05	0.4	0.4	8.98634954833e+33	0.678341903729	0.4	0.4	8.98634954833e+33	0.678341903729	3.5	3.5	1.50064087162e+33	0.991174583179	xitotx	xitoty	0.0390485418777	24.6101579052	51.1867680892
9.83333333333	86906258992.3	2.62321183522e-06	2.29145467633e-06	0.080531836829	9.66382041948e-05	0.4	0.4	8.95233300446e+33	0.679268264722	0.4	0.4	8.95233300446e+33	0.679268264722	3.5	3.5	1.49295357162e+33	0.991195784485	xitotx	xitoty	0.0389669276302	24.5169996643	51.3320892859
10.0	86547824717.4	2.61879565141e-06	2.28114939987e-06	0.0802584759395	9.63101711274e-05	0.4	0.4	8.91831005201e+33	0.680194026409	0.4	0.4	8.91831005201e+33	0.680194026409	3.5	3.5	1.48528692535e+33	0.991216796244	xitotx	xitoty	0.0388857289146	24.4238238728	51.4705827614
10.1666666667	86190789478.8	2.61443645873e-06	2.2708947852e-06	0.0799867359103	9.59840830923e-05	0.4	0.4	8.88428300558e+33	0.681119178621	0.4	0.4	8.88428300558e+33	0.681119178621	3.5	3.5	1.47764124088e+33	0.991237620011	xitotx	xitoty	0.0388049423808	24.3306368694	51.6025104492
10.3333333333	85835153040.5	2.61013383183e-06	2.2606905514e-06	0.0797166042485	9.56599250982e-05	0.4	0.4	8.85025415996e+33	0.682043711174	0.4	0.4	8.85025415996e+33	0.682043711174	3.5	3.5	1.47001682101e+33	0.991258257343	xitotx	xitoty	0.038724564673	24.2374449388	51.7281212233
10.5	85480915075.9	2.60588734555e-06	2.25053641889e-06	0.079448068506	9.53376822072e-05	0.4	0.4	8.81622578977e+33	0.682967613879	0.4	0.4	8.81622578977e+33	0.682967613879	3.5	3.5	1.4624139632e+33	0.991278709789	xitotx	xitoty	0.0386445924312	24.1442543101	51.8476517136
10.6666666667	85128075169.1	2.60169657503e-06	2.24043210946e-06	0.07918111628	9.5017339536e-05	0.4	0.4	8.78220014912e+33	0.683890876537	0.4	0.4	8.78220014912e+33	0.683890876537	3.5	3.5	1.45483295961e+33	0.991298978899	xitotx	xitoty	0.038565022291	24.0510711566	51.9613270592
10.8333333333	84776632815.5	2.59756109569e-06	2.23037734624e-06	0.0789157352141	9.46988822569e-05	0.4	0.4	8.74817947134e+33	0.684813488942	0.4	0.4	8.74817947134e+33	0.684813488942	3.5	3.5	1.44727409701e+33	0.991319066214	xitotx	xitoty	0.0384858508848	23.9579015945	52.0693616078
11.0	84426587422.3	2.59348048335e-06	2.22037185372e-06	0.0786519129996	9.43822955996e-05	0.4	0.4	8.71416596862e+33	0.685735440884	0.4	0.4	8.71416596862e+33	0.685735440884	3.5	3.5	1.43973765687e+33	0.991338973276	xitotx	xitoty	0.0384070748423	23.8647516822	52.1719595639
11.1666666667	84077938310.3	2.58945431427e-06	2.21041535777e-06	0.0783896373765	9.40675648518e-05	0.4	0.4	8.68016183172e+33	0.686656722145	0.4	0.4	8.68016183172e+33	0.686656722145	3.5	3.5	1.43222391525e+33	0.991358701619	xitotx	xitoty	0.0383286907909	23.7716274192	52.269315591
11.3333333333	83730684713.7	2.58548216515e-06	2.20050758562e-06	0.0781288961342	9.37546753611e-05	0.4	0.4	8.64616922972e+33	0.687577322506	0.4	0.4	8.64616922972e+33	0.687577322506	3.5	3.5	1.42473314285e+33	0.991378252777	xitotx	xitoty	0.0382506953566	23.6785347459	52.3616153709
11.5	83384825781.9	2.58156361325e-06	2.19064826586e-06	0.0778696771128	9.34436125354e-05	0.4	0.4	8.61219030969e+33	0.688497231746	0.4	0.4	8.61219030969e+33	0.688497231746	3.5	3.5	1.41726560497e+33	0.991397628276	xitotx	xitoty	0.0381730851647	23.5854795422	52.4490361241
11.6666666667	83040360579.9	2.57769823638e-06	2.18083712847e-06	0.077611968204	9.31343618448e-05	0.4	0.4	8.57822719646e+33	0.689416439639	0.4	0.4	8.57822719646e+33	0.689416439639	3.5	3.5	1.40982156154e+33	0.991416829638	xitotx	xitoty	0.03809585684	23.4924676273	52.5317470947
11.8333333333	82697288089.5	2.57388561302e-06	2.17107390478e-06	0.0773557573519	9.28269088223e-05	0.4	0.4	8.54428199234e+33	0.690334935961	0.4	0.4	8.54428199234e+33	0.690334935961	3.5	3.5	1.40240126708e+33	0.991435858383	xitotx	xitoty	0.0380190070079	23.3995047586	52.6099100016
12.0	82355607209.8	2.5701253223e-06	2.16135832754e-06	0.0771010325544	9.25212390652e-05	0.4	0.4	8.5103567769e+33	0.69125271049	0.4	0.4	8.5103567769e+33	0.69125271049	3.5	3.5	1.39500497072e+33	0.991454716024	xitotx	xitoty	0.0379425322948	23.3065966311	52.6836794595
12.1666666667	82015316758.8	2.56641694409e-06	2.15169013083e-06	0.0768477818636	9.22173382363e-05	0.4	0.4	8.47645360668e+33	0.692169753003	0.4	0.4	8.47645360668e+33	0.692169753003	3.5	3.5	1.3876329162e+33	0.991473404068	xitotx	xitoty	0.0378664293287	23.2137488771	52.753203372
12.3333333333	81676415473.8	2.56276005906e-06	2.14206905015e-06	0.0765959933871	9.19151920645e-05	0.4	0.4	8.44257451505e+33	0.693086053281	0.4	0.4	8.44257451505e+33	0.693086053281	3.5	3.5	1.38028534186e+33	0.99149192402	xitotx	xitoty	0.0377906947398	23.120967065	52.8186232986
12.5	81338902012.6	2.55915424868e-06	2.13249482237e-06	0.0763456552889	9.16147863467e-05	0.4	0.4	8.4087215119e+33	0.694001601111	0.4	0.4	8.4087215119e+33	0.694001601111	3.5	3.5	1.37296248065e+33	0.991510277377	xitotx	xitoty	0.0377153251614	23.0282566993	52.8800747974
12.6666666667	81002774954.4	2.55559909534e-06	2.12296718575e-06	0.07609675579	9.1316106948e-05	0.4	0.4	8.37489658351e+33	0.694916386281	0.4	0.4	8.37489658351e+33	0.694916386281	3.5	3.5	1.36566456014e+33	0.991528465631	xitotx	xitoty	0.0376403172301	22.9356232196	52.9376877465
12.8333333333	80668032800.7	2.55209418234e-06	2.11348587993e-06	0.0758492831697	9.10191398036e-05	0.4	0.4	8.34110169233e+33	0.69583039859	0.4	0.4	8.34110169233e+33	0.69583039859	3.5	3.5	1.35839180252e+33	0.991546490271	xitotx	xitoty	0.0375656675866	22.8430720002	52.9915866443
13.0	80334673976.6	2.54863909395e-06	2.10405064596e-06	0.075603225766	9.07238709192e-05	0.4	0.4	8.30733877678e+33	0.69674362784	0.4	0.4	8.30733877678e+33	0.69674362784	3.5	3.5	1.35114442461e+33	0.991564352778	xitotx	xitoty	0.0374913728763	22.7506083498	53.0418908906
13.1666666667	80002696831.4	2.54523341551e-06	2.09466122626e-06	0.0753585719769	9.04302863723e-05	0.4	0.4	8.27360975112e+33	0.697656063845	0.4	0.4	8.27360975112e+33	0.697656063845	3.5	3.5	1.34392263788e+33	0.991582054627	xitotx	xitoty	0.0374174297499	22.6582375108	53.0887150507
13.3333333333	79672099639.6	2.54187673339e-06	2.08531736466e-06	0.0751153102609	9.01383723131e-05	0.4	0.4	8.23991650523e+33	0.698567696426	0.4	0.4	8.23991650523e+33	0.698567696426	3.5	3.5	1.33672664846e+33	0.991599597287	xitotx	xitoty	0.037343834864	22.5659646588	53.1321691029
13.5	79342880602.5	2.53856863511e-06	2.07601880638e-06	0.0748734291379	8.98481149655e-05	0.4	0.4	8.20626090454e+33	0.699478515416	0.4	0.4	8.20626090454e+33	0.699478515416	3.5	3.5	1.32955665712e+33	0.991616982223	xitotx	xitoty	0.0372705848815	22.4737949026	53.1723586706
13.6666666667	79015037848.2	2.53530870937e-06	2.06676529802e-06	0.07463291719	8.9559500628e-05	0.4	0.4	8.17264478979e+33	0.70038851066	0.4	0.4	8.17264478979e+33	0.70038851066	3.5	3.5	1.32241285936e+33	0.991634210892	xitotx	xitoty	0.0371976764726	22.3817332832	53.2093852409
13.8333333333	78688569433.6	2.53209654605e-06	2.05755658761e-06	0.0743937630624	8.92725156749e-05	0.4	0.4	8.13906997699e+33	0.701297672014	0.4	0.4	8.13906997699e+33	0.701297672014	3.5	3.5	1.31529544535e+33	0.991651284744	xitotx	xitoty	0.0371251063148	22.2897847739	53.2433463693
14.0	78363473344.7	2.52893173634e-06	2.04839242455e-06	0.0741559554639	8.89871465567e-05	0.4	0.4	8.10553825727e+33	0.702205989351	0.4	0.4	8.10553825727e+33	0.702205989351	3.5	3.5	1.30820459998e+33	0.991668205224	xitotx	xitoty	0.0370528710939	22.19795428	53.2743358729
14.1666666667	78039747498.0	2.52581387271e-06	2.03927255964e-06	0.0739194831677	8.87033798012e-05	0.4	0.4	8.07205139673e+33	0.703113452555	0.4	0.4	8.07205139673e+33	0.703113452555	3.5	3.5	1.30114050292e+33	0.991684973771	xitotx	xitoty	0.0369809675043	22.1062466382	53.302444012
14.3333333333	77717389741.4	2.52274254897e-06	2.03019674509e-06	0.0736843350122	8.84212020147e-05	0.4	0.4	8.03861113642e+33	0.704020051529	0.4	0.4	8.03861113642e+33	0.704020051529	3.5	3.5	1.29410332856e+33	0.991701591815	xitotx	xitoty	0.0369093922497	22.0146666165	53.3277576608
14.5	77396397855.3	2.51971736037e-06	2.0211647345e-06	0.0734504999018	8.81405998821e-05	0.4	0.4	8.00521919217e+33	0.704925776194	0.4	0.4	8.00521919217e+33	0.704925776194	3.5	3.5	1.28709324611e+33	0.99171806078	xitotx	xitoty	0.0368381420436	21.9232189139	53.350360469
14.6666666667	77076769553.4	2.51673790355e-06	2.01217628286e-06	0.0732179668071	8.78615601685e-05	0.4	0.4	7.97187725459e+33	0.705830616485	0.4	0.4	7.97187725459e+33	0.705830616485	3.5	3.5	1.28011041957e+33	0.991734382085	xitotx	xitoty	0.0367672136099	21.8319081604	53.3703330133
14.8333333333	76758502484.1	2.51380377668e-06	2.00323114658e-06	0.072986724766	8.75840697192e-05	0.4	0.4	7.93858698894e+33	0.706734562361	0.4	0.4	7.93858698894e+33	0.706734562361	3.5	3.5	1.27315500781e+33	0.991750557138	xitotx	xitoty	0.036696603683	21.7407389164	53.3877529407
15.0	76441594231.1	2.51091457941e-06	1.99432908344e-06	0.0727567628842	8.7308115461e-05	0.4	0.4	7.9053500351e+33	0.707637603798	0.4	0.4	7.9053500351e+33	0.707637603798	3.5	3.5	1.26622716453e+33	0.991766587344	xitotx	xitoty	0.0366263090091	21.649715673	53.4026951041
@ LS1Nom 1.1e+11 3e-06 0.4 0.4 53.4026951041 14.8333333333 4.83333333333 0.655683455323
